# JRE version: OpenJDK Runtime Environment Zulu17.40+19-CA (17.0.6+10) (build 17.0.6+10-LTS)
# Java VM: OpenJDK 64-Bit Server VM Zulu17.40+19-CA (17.0.6+10-LTS, mixed mode, sharing, tiered, compressed oops, compressed class ptrs, g1 gc, bsd-amd64)
Heap:
 garbage-first heap   total 262144K, used 186522K [0x00000007e0000000, 0x0000000800000000)
  region size 1024K, 150 young (153600K), 1 survivors (1024K)
 Metaspace       used 48825K, committed 49344K, reserved 364544K
  class space    used 7139K, committed 7360K, reserved 315392K
GC Heap History (12 events):
Event: 0.352 GC heap before
{Heap before GC invocations=0 (full 0):
 garbage-first heap   total 264192K, used 27608K [0x00000007e0000000, 0x0000000800000000)
  region size 1024K, 23 young (23552K), 0 survivors (0K)
 Metaspace       used 2752K, committed 2880K, reserved 323584K
  class space    used 342K, committed 384K, reserved 315392K
}
Event: 0.355 GC heap after
{Heap after GC invocations=1 (full 0):
 garbage-first heap   total 264192K, used 11637K [0x00000007e0000000, 0x0000000800000000)
  region size 1024K, 3 young (3072K), 3 survivors (3072K)
 Metaspace       used 2752K, committed 2880K, reserved 323584K
  class space    used 342K, committed 384K, reserved 315392K
}
Event: 0.624 GC heap before
{Heap before GC invocations=1 (full 0):
 garbage-first heap   total 264192K, used 48501K [0x00000007e0000000, 0x0000000800000000)
  region size 1024K, 37 young (37888K), 3 survivors (3072K)
 Metaspace       used 4265K, committed 4480K, reserved 323584K
  class space    used 543K, committed 640K, reserved 315392K
}
Event: 0.628 GC heap after
{Heap after GC invocations=2 (full 0):
 garbage-first heap   total 264192K, used 16893K [0x00000007e0000000, 0x0000000800000000)
  region size 1024K, 5 young (5120K), 5 survivors (5120K)
 Metaspace       used 4265K, committed 4480K, reserved 323584K
  class space    used 543K, committed 640K, reserved 315392K
}
Event: 1.867 GC heap before
{Heap before GC invocations=2 (full 0):
 garbage-first heap   total 264192K, used 119293K [0x00000007e0000000, 0x0000000800000000)
  region size 1024K, 106 young (108544K), 5 survivors (5120K)
 Metaspace       used 21180K, committed 21504K, reserved 339968K
  class space    used 3163K, committed 3328K, reserved 315392K
}
Event: 1.873 GC heap after
{Heap after GC invocations=3 (full 0):
 garbage-first heap   total 264192K, used 23316K [0x00000007e0000000, 0x0000000800000000)
  region size 1024K, 11 young (11264K), 11 survivors (11264K)
 Metaspace       used 21180K, committed 21504K, reserved 339968K
  class space    used 3163K, committed 3328K, reserved 315392K
}
Event: 3.017 GC heap before
{Heap before GC invocations=4 (full 0):
 garbage-first heap   total 262144K, used 146196K [0x00000007e0000000, 0x0000000800000000)
  region size 1024K, 128 young (131072K), 11 survivors (11264K)
 Metaspace       used 35704K, committed 36096K, reserved 348160K
  class space    used 5045K, committed 5248K, reserved 315392K
}
Event: 3.028 GC heap after
{Heap after GC invocations=5 (full 0):
 garbage-first heap   total 262144K, used 32508K [0x00000007e0000000, 0x0000000800000000)
  region size 1024K, 16 young (16384K), 16 survivors (16384K)
 Metaspace       used 35704K, committed 36096K, reserved 348160K
  class space    used 5045K, committed 5248K, reserved 315392K
}
Event: 3.036 GC heap before
{Heap before GC invocations=5 (full 0):
 garbage-first heap   total 262144K, used 33532K [0x00000007e0000000, 0x0000000800000000)
  region size 1024K, 17 young (17408K), 16 survivors (16384K)
 Metaspace       used 35810K, committed 36224K, reserved 348160K
  class space    used 5061K, committed 5248K, reserved 315392K
}
Event: 3.045 GC heap after
{Heap after GC invocations=6 (full 0):
 garbage-first heap   total 262144K, used 33565K [0x00000007e0000000, 0x0000000800000000)
  region size 1024K, 2 young (2048K), 2 survivors (2048K)
 Metaspace       used 35810K, committed 36224K, reserved 348160K
  class space    used 5061K, committed 5248K, reserved 315392K
}
Event: 3.063 GC heap before
{Heap before GC invocations=6 (full 0):
 garbage-first heap   total 262144K, used 35613K [0x00000007e0000000, 0x0000000800000000)
  region size 1024K, 5 young (5120K), 2 survivors (2048K)
 Metaspace       used 36031K, committed 36416K, reserved 348160K
  class space    used 5102K, committed 5312K, reserved 315392K
}
Event: 3.064 GC heap after
{Heap after GC invocations=7 (full 0):
 garbage-first heap   total 262144K, used 32080K [0x00000007e0000000, 0x0000000800000000)
  region size 1024K, 1 young (1024K), 1 survivors (1024K)
 Metaspace       used 36031K, committed 36416K, reserved 348160K
  class space    used 5102K, committed 5312K, reserved 315392K
}

