# JRE version: OpenJDK Runtime Environment Zulu17.40+19-CA (17.0.6+10) (build 17.0.6+10-LTS)
# Java VM: OpenJDK 64-Bit Server VM Zulu17.40+19-CA (17.0.6+10-LTS, mixed mode, sharing, tiered, compressed oops, compressed class ptrs, g1 gc, bsd-amd64)
Heap:
 garbage-first heap   total 262144K, used 54337K [0x00000007e0000000, 0x0000000800000000)
  region size 1024K, 31 young (31744K), 19 survivors (19456K)
 Metaspace       used 48827K, committed 49344K, reserved 364544K
  class space    used 7134K, committed 7360K, reserved 315392K
GC Heap History (10 events):
Event: 0.395 GC heap before
{Heap before GC invocations=0 (full 0):
 garbage-first heap   total 264192K, used 27608K [0x00000007e0000000, 0x0000000800000000)
  region size 1024K, 23 young (23552K), 0 survivors (0K)
 Metaspace       used 2747K, committed 2880K, reserved 323584K
  class space    used 342K, committed 384K, reserved 315392K
}
Event: 0.399 GC heap after
{Heap after GC invocations=1 (full 0):
 garbage-first heap   total 264192K, used 11373K [0x00000007e0000000, 0x0000000800000000)
  region size 1024K, 3 young (3072K), 3 survivors (3072K)
 Metaspace       used 2747K, committed 2880K, reserved 323584K
  class space    used 342K, committed 384K, reserved 315392K
}
Event: 0.666 GC heap before
{Heap before GC invocations=1 (full 0):
 garbage-first heap   total 264192K, used 48237K [0x00000007e0000000, 0x0000000800000000)
  region size 1024K, 37 young (37888K), 3 survivors (3072K)
 Metaspace       used 4251K, committed 4480K, reserved 323584K
  class space    used 541K, committed 640K, reserved 315392K
}
Event: 0.669 GC heap after
{Heap after GC invocations=2 (full 0):
 garbage-first heap   total 264192K, used 17228K [0x00000007e0000000, 0x0000000800000000)
  region size 1024K, 5 young (5120K), 5 survivors (5120K)
 Metaspace       used 4251K, committed 4480K, reserved 323584K
  class space    used 541K, committed 640K, reserved 315392K
}
Event: 1.946 GC heap before
{Heap before GC invocations=2 (full 0):
 garbage-first heap   total 264192K, used 121676K [0x00000007e0000000, 0x0000000800000000)
  region size 1024K, 108 young (110592K), 5 survivors (5120K)
 Metaspace       used 21196K, committed 21504K, reserved 339968K
  class space    used 3158K, committed 3264K, reserved 315392K
}
Event: 1.953 GC heap after
{Heap after GC invocations=3 (full 0):
 garbage-first heap   total 264192K, used 23852K [0x00000007e0000000, 0x0000000800000000)
  region size 1024K, 11 young (11264K), 11 survivors (11264K)
 Metaspace       used 21196K, committed 21504K, reserved 339968K
  class space    used 3158K, committed 3264K, reserved 315392K
}
Event: 3.156 GC heap before
{Heap before GC invocations=4 (full 0):
 garbage-first heap   total 262144K, used 144684K [0x00000007e0000000, 0x0000000800000000)
  region size 1024K, 126 young (129024K), 11 survivors (11264K)
 Metaspace       used 35535K, committed 35968K, reserved 348160K
  class space    used 5014K, committed 5248K, reserved 315392K
}
Event: 3.171 GC heap after
{Heap after GC invocations=5 (full 0):
 garbage-first heap   total 262144K, used 32954K [0x00000007e0000000, 0x0000000800000000)
  region size 1024K, 16 young (16384K), 16 survivors (16384K)
 Metaspace       used 35535K, committed 35968K, reserved 348160K
  class space    used 5014K, committed 5248K, reserved 315392K
}
Event: 4.582 GC heap before
{Heap before GC invocations=6 (full 0):
 garbage-first heap   total 262144K, used 174266K [0x00000007e0000000, 0x0000000800000000)
  region size 1024K, 153 young (156672K), 16 survivors (16384K)
 Metaspace       used 47662K, committed 48192K, reserved 364544K
  class space    used 6937K, committed 7168K, reserved 315392K
}
Event: 4.599 GC heap after
{Heap after GC invocations=7 (full 0):
 garbage-first heap   total 262144K, used 42245K [0x00000007e0000000, 0x0000000800000000)
  region size 1024K, 19 young (19456K), 19 survivors (19456K)
 Metaspace       used 47662K, committed 48192K, reserved 364544K
  class space    used 6937K, committed 7168K, reserved 315392K
}

