# JRE version: OpenJDK Runtime Environment Zulu17.40+19-CA (17.0.6+10) (build 17.0.6+10-LTS)
# Java VM: OpenJDK 64-Bit Server VM Zulu17.40+19-CA (17.0.6+10-LTS, mixed mode, sharing, tiered, compressed oops, compressed class ptrs, g1 gc, bsd-amd64)
Heap:
 garbage-first heap   total 262144K, used 163734K [0x00000007e0000000, 0x0000000800000000)
  region size 1024K, 31 young (31744K), 7 survivors (7168K)
 Metaspace       used 82436K, committed 83200K, reserved 389120K
  class space    used 11233K, committed 11648K, reserved 315392K
GC Heap History (20 events):
Event: 4.886 GC heap before
{Heap before GC invocations=8 (full 0):
 garbage-first heap   total 262144K, used 194410K [0x00000007e0000000, 0x0000000800000000)
  region size 1024K, 137 young (140288K), 1 survivors (1024K)
 Metaspace       used 48688K, committed 49280K, reserved 364544K
  class space    used 7061K, committed 7360K, reserved 315392K
}
Event: 4.892 GC heap after
{Heap after GC invocations=9 (full 0):
 garbage-first heap   total 262144K, used 64209K [0x00000007e0000000, 0x0000000800000000)
  region size 1024K, 11 young (11264K), 11 survivors (11264K)
 Metaspace       used 48688K, committed 49280K, reserved 364544K
  class space    used 7061K, committed 7360K, reserved 315392K
}
Event: 6.638 GC heap before
{Heap before GC invocations=9 (full 0):
 garbage-first heap   total 262144K, used 215761K [0x00000007e0000000, 0x0000000800000000)
  region size 1024K, 132 young (135168K), 11 survivors (11264K)
 Metaspace       used 60271K, committed 60928K, reserved 372736K
  class space    used 8767K, committed 9088K, reserved 315392K
}
Event: 6.649 GC heap after
{Heap after GC invocations=10 (full 0):
 garbage-first heap   total 262144K, used 105774K [0x00000007e0000000, 0x0000000800000000)
  region size 1024K, 12 young (12288K), 12 survivors (12288K)
 Metaspace       used 60271K, committed 60928K, reserved 372736K
  class space    used 8767K, committed 9088K, reserved 315392K
}
Event: 8.103 GC heap before
{Heap before GC invocations=11 (full 0):
 garbage-first heap   total 262144K, used 203054K [0x00000007e0000000, 0x0000000800000000)
  region size 1024K, 108 young (110592K), 12 survivors (12288K)
 Metaspace       used 70222K, committed 70912K, reserved 380928K
  class space    used 9944K, committed 10240K, reserved 315392K
}
Event: 8.112 GC heap after
{Heap after GC invocations=12 (full 0):
 garbage-first heap   total 262144K, used 112541K [0x00000007e0000000, 0x0000000800000000)
  region size 1024K, 7 young (7168K), 7 survivors (7168K)
 Metaspace       used 70222K, committed 70912K, reserved 380928K
  class space    used 9944K, committed 10240K, reserved 315392K
}
Event: 10.209 GC heap before
{Heap before GC invocations=13 (full 0):
 garbage-first heap   total 262144K, used 209821K [0x00000007e0000000, 0x0000000800000000)
  region size 1024K, 100 young (102400K), 7 survivors (7168K)
 Metaspace       used 76716K, committed 77440K, reserved 389120K
  class space    used 10709K, committed 11072K, reserved 315392K
}
Event: 10.216 GC heap after
{Heap after GC invocations=14 (full 0):
 garbage-first heap   total 262144K, used 117339K [0x00000007e0000000, 0x0000000800000000)
  region size 1024K, 12 young (12288K), 12 survivors (12288K)
 Metaspace       used 76716K, committed 77440K, reserved 389120K
  class space    used 10709K, committed 11072K, reserved 315392K
}
Event: 313.796 GC heap before
{Heap before GC invocations=14 (full 0):
 garbage-first heap   total 262144K, used 209499K [0x00000007e0000000, 0x0000000800000000)
  region size 1024K, 103 young (105472K), 12 survivors (12288K)
 Metaspace       used 80400K, committed 81216K, reserved 389120K
  class space    used 11174K, committed 11584K, reserved 315392K
}
Event: 313.808 GC heap after
{Heap after GC invocations=15 (full 0):
 garbage-first heap   total 262144K, used 125415K [0x00000007e0000000, 0x0000000800000000)
  region size 1024K, 13 young (13312K), 13 survivors (13312K)
 Metaspace       used 80400K, committed 81216K, reserved 389120K
  class space    used 11174K, committed 11584K, reserved 315392K
}
Event: 315.657 GC heap before
{Heap before GC invocations=15 (full 0):
 garbage-first heap   total 262144K, used 210407K [0x00000007e0000000, 0x0000000800000000)
  region size 1024K, 97 young (99328K), 13 survivors (13312K)
 Metaspace       used 80922K, committed 81792K, reserved 389120K
  class space    used 11191K, committed 11584K, reserved 315392K
}
Event: 315.668 GC heap after
{Heap after GC invocations=16 (full 0):
 garbage-first heap   total 262144K, used 130459K [0x00000007e0000000, 0x0000000800000000)
  region size 1024K, 5 young (5120K), 5 survivors (5120K)
 Metaspace       used 80922K, committed 81792K, reserved 389120K
  class space    used 11191K, committed 11584K, reserved 315392K
}
Event: 2551.725 GC heap before
{Heap before GC invocations=16 (full 0):
 garbage-first heap   total 262144K, used 213403K [0x00000007e0000000, 0x0000000800000000)
  region size 1024K, 87 young (89088K), 5 survivors (5120K)
 Metaspace       used 81467K, committed 82368K, reserved 389120K
  class space    used 11211K, committed 11648K, reserved 315392K
}
Event: 2551.730 GC heap after
{Heap after GC invocations=17 (full 0):
 garbage-first heap   total 262144K, used 133506K [0x00000007e0000000, 0x0000000800000000)
  region size 1024K, 8 young (8192K), 8 survivors (8192K)
 Metaspace       used 81467K, committed 82368K, reserved 389120K
  class space    used 11211K, committed 11648K, reserved 315392K
}
Event: 2552.088 GC heap before
{Heap before GC invocations=18 (full 0):
 garbage-first heap   total 262144K, used 215426K [0x00000007e0000000, 0x0000000800000000)
  region size 1024K, 88 young (90112K), 8 survivors (8192K)
 Metaspace       used 80866K, committed 82368K, reserved 389120K
  class space    used 11053K, committed 11648K, reserved 315392K
}
Event: 2552.094 GC heap after
{Heap after GC invocations=19 (full 0):
 garbage-first heap   total 262144K, used 136796K [0x00000007e0000000, 0x0000000800000000)
  region size 1024K, 8 young (8192K), 8 survivors (8192K)
 Metaspace       used 80866K, committed 82368K, reserved 389120K
  class space    used 11053K, committed 11648K, reserved 315392K
}
Event: 2552.139 GC heap before
{Heap before GC invocations=19 (full 0):
 garbage-first heap   total 262144K, used 140892K [0x00000007e0000000, 0x0000000800000000)
  region size 1024K, 12 young (12288K), 8 survivors (8192K)
 Metaspace       used 80912K, committed 82368K, reserved 389120K
  class space    used 11054K, committed 11648K, reserved 315392K
}
Event: 2552.144 GC heap after
{Heap after GC invocations=20 (full 0):
 garbage-first heap   total 262144K, used 134192K [0x00000007e0000000, 0x0000000800000000)
  region size 1024K, 2 young (2048K), 2 survivors (2048K)
 Metaspace       used 80912K, committed 82368K, reserved 389120K
  class space    used 11054K, committed 11648K, reserved 315392K
}
Event: 2552.586 GC heap before
{Heap before GC invocations=20 (full 0):
 garbage-first heap   total 262144K, used 217136K [0x00000007e0000000, 0x0000000800000000)
  region size 1024K, 83 young (84992K), 2 survivors (2048K)
 Metaspace       used 81973K, committed 82880K, reserved 389120K
  class space    used 11167K, committed 11648K, reserved 315392K
}
Event: 2552.592 GC heap after
{Heap after GC invocations=21 (full 0):
 garbage-first heap   total 262144K, used 139243K [0x00000007e0000000, 0x0000000800000000)
  region size 1024K, 7 young (7168K), 7 survivors (7168K)
 Metaspace       used 81973K, committed 82880K, reserved 389120K
  class space    used 11167K, committed 11648K, reserved 315392K
}

